<?xml version="1.0" encoding="UTF-8"?>
<testsuite xmlns:xsi="http://www.w3.org/2001/XMLSchema-instance" xsi:noNamespaceSchemaLocation="https://maven.apache.org/surefire/maven-surefire-plugin/xsd/surefire-test-report-3.0.xsd" version="3.0" name="com.shulmin.pavel.russiangeographicalsociety.RussianGeographicalSocietyApplicationTests" time="13.691" tests="1" errors="0" skipped="0" failures="0">
  <properties>
[...]
</properties>
  <testcase name="contextLoads" classname="com.shulmin.pavel.russiangeographicalsociety.RussianGeographicalSocietyApplicationTests" time="1.013">
    <system-out><![CDATA[21:22:52.719 [main] INFO org.springframework.test.context.support.AnnotationConfigContextLoaderUtils -- Could not detect default configuration classes for test class [com.shulmin.pavel.russiangeographicalsociety.RussianGeographicalSocietyApplicationTests]: RussianGeographicalSocietyApplicationTests does not declare any static, non-private, non-final, nested classes annotated with @Configuration.
21:22:53.052 [main] INFO org.springframework.boot.test.context.SpringBootTestContextBootstrapper -- Found @SpringBootConfiguration com.shulmin.pavel.russiangeographicalsociety.RussianGeographicalSocietyApplication for test class com.shulmin.pavel.russiangeographicalsociety.RussianGeographicalSocietyApplicationTests

  .   ____          _            __ _ _
 /\\ / ___'_ __ _ _(_)_ __  __ _ \ \ \ \
( ( )\___ | '_ | '_| | '_ \/ _` | \ \ \ \
 \\/  ___)| |_)| | | | | || (_| |  ) ) ) )
  '  |____| .__|_| |_|_| |_\__, | / / / /
 =========|_|==============|___/=/_/_/_/
 :: Spring Boot ::                (v3.2.2)

2024-03-19T21:22:54.389+03:00  WARN 2840 --- [           main] ory$DuplicateJsonObjectContextCustomizer : 

Found multiple occurrences of org.json.JSONObject on the class path:

	jar:file:/C:/Users/pasha/.m2/repository/org/json/json/20240303/json-20240303.jar!/org/json/JSONObject.class
	jar:file:/C:/Users/pasha/.m2/repository/com/vaadin/external/google/android-json/0.0.20131108.vaadin1/android-json-0.0.20131108.vaadin1.jar!/org/json/JSONObject.class

You may wish to exclude one of them to ensure predictable runtime behavior

2024-03-19T21:22:54.426+03:00  INFO 2840 --- [           main] ssianGeographicalSocietyApplicationTests : Starting RussianGeographicalSocietyApplicationTests using Java 17.0.2 with PID 2840 (started by pasha in D:\Studying\Team project\bot\RussianGeographicalSociety)
2024-03-19T21:22:54.427+03:00  INFO 2840 --- [           main] ssianGeographicalSocietyApplicationTests : No active profile set, falling back to 1 default profile: "default"
2024-03-19T21:22:56.116+03:00  INFO 2840 --- [           main] .s.d.r.c.RepositoryConfigurationDelegate : Bootstrapping Spring Data JPA repositories in DEFAULT mode.
2024-03-19T21:22:56.288+03:00  INFO 2840 --- [           main] .s.d.r.c.RepositoryConfigurationDelegate : Finished Spring Data repository scanning in 148 ms. Found 3 JPA repository interfaces.
2024-03-19T21:22:57.321+03:00  INFO 2840 --- [           main] com.zaxxer.hikari.HikariDataSource       : HikariPool-1 - Starting...
2024-03-19T21:22:57.960+03:00  INFO 2840 --- [           main] com.zaxxer.hikari.pool.HikariPool        : HikariPool-1 - Added connection org.postgresql.jdbc.PgConnection@b4732dc
2024-03-19T21:22:57.965+03:00  INFO 2840 --- [           main] com.zaxxer.hikari.HikariDataSource       : HikariPool-1 - Start completed.
2024-03-19T21:22:58.080+03:00  INFO 2840 --- [           main] o.hibernate.jpa.internal.util.LogHelper  : HHH000204: Processing PersistenceUnitInfo [name: default]
2024-03-19T21:22:58.279+03:00  INFO 2840 --- [           main] org.hibernate.Version                    : HHH000412: Hibernate ORM core version 6.4.1.Final
2024-03-19T21:22:58.375+03:00  INFO 2840 --- [           main] o.h.c.internal.RegionFactoryInitiator    : HHH000026: Second-level cache disabled
2024-03-19T21:22:59.170+03:00  INFO 2840 --- [           main] o.s.o.j.p.SpringPersistenceUnitInfo      : No LoadTimeWeaver setup: ignoring JPA class transformer
2024-03-19T21:22:59.263+03:00  WARN 2840 --- [           main] org.hibernate.orm.deprecation            : HHH90000025: PostgreSQLDialect does not need to be specified explicitly using 'hibernate.dialect' (remove the property setting and it will be selected by default)
2024-03-19T21:23:01.310+03:00  INFO 2840 --- [           main] o.h.e.t.j.p.i.JtaPlatformInitiator       : HHH000489: No JTA platform available (set 'hibernate.transaction.jta.platform' to enable JTA platform integration)
2024-03-19T21:23:01.456+03:00  INFO 2840 --- [           main] j.LocalContainerEntityManagerFactoryBean : Initialized JPA EntityManagerFactory for persistence unit 'default'
2024-03-19T21:23:03.005+03:00  WARN 2840 --- [           main] JpaBaseConfiguration$JpaWebConfiguration : spring.jpa.open-in-view is enabled by default. Therefore, database queries may be performed during view rendering. Explicitly configure spring.jpa.open-in-view to disable this warning
2024-03-19T21:23:04.790+03:00  INFO 2840 --- [           main] ssianGeographicalSocietyApplicationTests : Started RussianGeographicalSocietyApplicationTests in 11.253 seconds (process running for 14.239)
]]></system-out>
  </testcase>
</testsuite>